<?xml version="1.0" encoding="UTF-8"?>
<coverage generated="1720886464770" clover="3.2.0">
  <project timestamp="1720886464770" name="All files">
    <metrics statements="9" coveredstatements="9" conditionals="2" coveredconditionals="2" methods="2" coveredmethods="2" elements="13" coveredelements="13" complexity="0" loc="9" ncloc="9" packages="1" files="1" classes="1"/>
    <file name="Results.tsx" path="/Users/gulvafiro/Desktop/epam projects/React course/react-project/my-react-app/src/components/Results.tsx">
      <metrics statements="9" coveredstatements="9" conditionals="2" coveredconditionals="2" methods="2" coveredmethods="2"/>
      <line num="3" count="1" type="stmt"/>
      <line num="5" count="1" type="stmt"/>
      <line num="6" count="3" type="cond" truecount="1" falsecount="0"/>
      <line num="7" count="1" type="stmt"/>
      <line num="10" count="2" type="cond" truecount="1" falsecount="0"/>
      <line num="11" count="1" type="stmt"/>
      <line num="14" count="1" type="stmt"/>
      <line num="17" count="2" type="stmt"/>
      <line num="26" count="1" type="stmt"/>
    </file>
  </project>
</coverage>
