{"/Users/gulvafiro/Desktop/epam projects/React course/react-project/my-react-app/src/components/Results.tsx": {"path":"/Users/gulvafiro/Desktop/epam projects/React course/react-project/my-react-app/src/components/Results.tsx","statementMap":{"0":{"start":{"line":3,"column":0},"end":{"line":3,"column":23}},"1":{"start":{"line":5,"column":34},"end":{"line":24,"column":1}},"2":{"start":{"line":6,"column":2},"end":{"line":8,"column":3}},"3":{"start":{"line":7,"column":4},"end":{"line":7,"column":33}},"4":{"start":{"line":10,"column":2},"end":{"line":12,"column":3}},"5":{"start":{"line":11,"column":4},"end":{"line":11,"column":39}},"6":{"start":{"line":14,"column":2},"end":{"line":23,"column":4}},"7":{"start":{"line":17,"column":8},"end":{"line":17,"column":29}},"8":{"start":{"line":26,"column":0},"end":{"line":26,"column":23}}},"fnMap":{"0":{"name":"(anonymous_0)","decl":{"start":{"line":5,"column":34},"end":{"line":5,"column":35}},"loc":{"start":{"line":5,"column":57},"end":{"line":24,"column":1}}},"1":{"name":"(anonymous_1)","decl":{"start":{"line":16,"column":17},"end":{"line":16,"column":18}},"loc":{"start":{"line":17,"column":8},"end":{"line":17,"column":29}}}},"branchMap":{"0":{"loc":{"start":{"line":6,"column":2},"end":{"line":8,"column":3}},"type":"if","locations":[{"start":{"line":6,"column":2},"end":{"line":8,"column":3}}]},"1":{"loc":{"start":{"line":10,"column":2},"end":{"line":12,"column":3}},"type":"if","locations":[{"start":{"line":10,"column":2},"end":{"line":12,"column":3}}]}},"s":{"0":1,"1":1,"2":3,"3":1,"4":2,"5":1,"6":1,"7":2,"8":1},"f":{"0":3,"1":2},"b":{"0":[1],"1":[1]}}
}
