{
  "/Users/gulvafiro/Desktop/epam projects/React course/react-project/my-react-app/src/components/Card/Card.tsx": {
    "path": "/Users/gulvafiro/Desktop/epam projects/React course/react-project/my-react-app/src/components/Card/Card.tsx",
    "statementMap": {
      "0": {
        "start": { "line": 3, "column": 0 },
        "end": { "line": 3, "column": 20 }
      },
      "1": {
        "start": { "line": 10, "column": 34 },
        "end": { "line": 14, "column": null }
      },
      "2": {
        "start": { "line": 11, "column": 2 },
        "end": { "line": 13, "column": null }
      },
      "3": {
        "start": { "line": 17, "column": 0 },
        "end": { "line": 17, "column": 20 }
      }
    },
    "fnMap": {
      "0": {
        "name": "(anonymous_0)",
        "decl": {
          "start": { "line": 10, "column": 34 },
          "end": { "line": 10, "column": 35 }
        },
        "loc": {
          "start": { "line": 11, "column": 2 },
          "end": { "line": 13, "column": null }
        }
      }
    },
    "branchMap": {},
    "s": { "0": 2, "1": 2, "2": 6, "3": 2 },
    "f": { "0": 6 },
    "b": {}
  },
  "/Users/gulvafiro/Desktop/epam projects/React course/react-project/my-react-app/src/components/CardList/CardList.tsx": {
    "path": "/Users/gulvafiro/Desktop/epam projects/React course/react-project/my-react-app/src/components/CardList/CardList.tsx",
    "statementMap": {
      "0": {
        "start": { "line": 2, "column": 0 },
        "end": { "line": 2, "column": 32 }
      },
      "1": {
        "start": { "line": 4, "column": 0 },
        "end": { "line": 4, "column": 24 }
      },
      "2": {
        "start": { "line": 11, "column": 42 },
        "end": { "line": 20, "column": null }
      },
      "3": {
        "start": { "line": 12, "column": 2 },
        "end": { "line": 19, "column": null }
      },
      "4": {
        "start": { "line": 15, "column": 8 },
        "end": { "line": 15, "column": 30 }
      },
      "5": {
        "start": { "line": 15, "column": 57 },
        "end": { "line": 15, "column": 74 }
      },
      "6": {
        "start": { "line": 23, "column": 0 },
        "end": { "line": 23, "column": 24 }
      }
    },
    "fnMap": {
      "0": {
        "name": "(anonymous_1)",
        "decl": {
          "start": { "line": 11, "column": 42 },
          "end": { "line": 11, "column": 43 }
        },
        "loc": {
          "start": { "line": 12, "column": 2 },
          "end": { "line": 19, "column": null }
        }
      },
      "1": {
        "name": "(anonymous_2)",
        "decl": {
          "start": { "line": 14, "column": 16 },
          "end": { "line": 14, "column": 20 }
        },
        "loc": {
          "start": { "line": 15, "column": 8 },
          "end": { "line": 15, "column": 30 }
        }
      },
      "2": {
        "name": "(anonymous_3)",
        "decl": {
          "start": { "line": 15, "column": 51 },
          "end": { "line": 15, "column": 54 }
        },
        "loc": {
          "start": { "line": 15, "column": 57 },
          "end": { "line": 15, "column": 74 }
        }
      }
    },
    "branchMap": {
      "0": {
        "loc": {
          "start": { "line": 13, "column": 5 },
          "end": { "line": 18, "column": null }
        },
        "type": "cond-expr",
        "locations": [
          {
            "start": { "line": 14, "column": 6 },
            "end": { "line": 16, "column": 8 }
          },
          {
            "start": { "line": 18, "column": 6 },
            "end": { "line": 18, "column": 31 }
          }
        ]
      }
    },
    "s": { "0": 1, "1": 1, "2": 1, "3": 4, "4": 4, "5": 2, "6": 1 },
    "f": { "0": 4, "1": 4, "2": 2 },
    "b": { "0": [2, 2] }
  },
  "/Users/gulvafiro/Desktop/epam projects/React course/react-project/my-react-app/src/components/DetailedCard/DetailedCard.tsx": {
    "path": "/Users/gulvafiro/Desktop/epam projects/React course/react-project/my-react-app/src/components/DetailedCard/DetailedCard.tsx",
    "statementMap": {
      "0": {
        "start": { "line": 4, "column": 0 },
        "end": { "line": 4, "column": 28 }
      },
      "1": {
        "start": { "line": 11, "column": 50 },
        "end": { "line": 18, "column": null }
      },
      "2": {
        "start": { "line": 12, "column": 2 },
        "end": { "line": 17, "column": null }
      },
      "3": {
        "start": { "line": 21, "column": 0 },
        "end": { "line": 21, "column": 28 }
      }
    },
    "fnMap": {
      "0": {
        "name": "(anonymous_0)",
        "decl": {
          "start": { "line": 11, "column": 50 },
          "end": { "line": 11, "column": 51 }
        },
        "loc": {
          "start": { "line": 12, "column": 2 },
          "end": { "line": 17, "column": null }
        }
      }
    },
    "branchMap": {},
    "s": { "0": 1, "1": 1, "2": 2, "3": 1 },
    "f": { "0": 2 },
    "b": {}
  },
  "/Users/gulvafiro/Desktop/epam projects/React course/react-project/my-react-app/src/components/Results/Results.tsx": {
    "path": "/Users/gulvafiro/Desktop/epam projects/React course/react-project/my-react-app/src/components/Results/Results.tsx",
    "statementMap": {
      "0": {
        "start": { "line": 3, "column": 0 },
        "end": { "line": 3, "column": 23 }
      },
      "1": {
        "start": { "line": 5, "column": 34 },
        "end": { "line": 24, "column": 1 }
      },
      "2": {
        "start": { "line": 6, "column": 2 },
        "end": { "line": 8, "column": 3 }
      },
      "3": {
        "start": { "line": 7, "column": 4 },
        "end": { "line": 7, "column": 33 }
      },
      "4": {
        "start": { "line": 10, "column": 2 },
        "end": { "line": 12, "column": 3 }
      },
      "5": {
        "start": { "line": 11, "column": 4 },
        "end": { "line": 11, "column": 39 }
      },
      "6": {
        "start": { "line": 14, "column": 2 },
        "end": { "line": 23, "column": 4 }
      },
      "7": {
        "start": { "line": 17, "column": 8 },
        "end": { "line": 17, "column": 29 }
      },
      "8": {
        "start": { "line": 26, "column": 0 },
        "end": { "line": 26, "column": 23 }
      }
    },
    "fnMap": {
      "0": {
        "name": "(anonymous_0)",
        "decl": {
          "start": { "line": 5, "column": 34 },
          "end": { "line": 5, "column": 35 }
        },
        "loc": {
          "start": { "line": 5, "column": 57 },
          "end": { "line": 24, "column": 1 }
        }
      },
      "1": {
        "name": "(anonymous_1)",
        "decl": {
          "start": { "line": 16, "column": 17 },
          "end": { "line": 16, "column": 18 }
        },
        "loc": {
          "start": { "line": 17, "column": 8 },
          "end": { "line": 17, "column": 29 }
        }
      }
    },
    "branchMap": {
      "0": {
        "loc": {
          "start": { "line": 6, "column": 2 },
          "end": { "line": 8, "column": 3 }
        },
        "type": "if",
        "locations": [
          {
            "start": { "line": 6, "column": 2 },
            "end": { "line": 8, "column": 3 }
          }
        ]
      },
      "1": {
        "loc": {
          "start": { "line": 10, "column": 2 },
          "end": { "line": 12, "column": 3 }
        },
        "type": "if",
        "locations": [
          {
            "start": { "line": 10, "column": 2 },
            "end": { "line": 12, "column": 3 }
          }
        ]
      }
    },
    "s": {
      "0": 1,
      "1": 1,
      "2": 3,
      "3": 1,
      "4": 2,
      "5": 1,
      "6": 1,
      "7": 2,
      "8": 1
    },
    "f": { "0": 3, "1": 2 },
    "b": { "0": [1], "1": [1] }
  },
  "/Users/gulvafiro/Desktop/epam projects/React course/react-project/my-react-app/src/components/Search/Search.tsx": {
    "path": "/Users/gulvafiro/Desktop/epam projects/React course/react-project/my-react-app/src/components/Search/Search.tsx",
    "statementMap": {
      "0": {
        "start": { "line": 4, "column": 0 },
        "end": { "line": 4, "column": 40 }
      },
      "1": {
        "start": { "line": 6, "column": 0 },
        "end": { "line": 6, "column": 22 }
      },
      "2": {
        "start": { "line": 8, "column": 38 },
        "end": { "line": 39, "column": 1 }
      },
      "3": {
        "start": { "line": 9, "column": 38 },
        "end": { "line": 11, "column": 4 }
      },
      "4": {
        "start": { "line": 10, "column": 4 },
        "end": { "line": 10, "column": 52 }
      },
      "5": {
        "start": { "line": 13, "column": 28 },
        "end": { "line": 15, "column": 3 }
      },
      "6": {
        "start": { "line": 14, "column": 4 },
        "end": { "line": 14, "column": 34 }
      },
      "7": {
        "start": { "line": 17, "column": 23 },
        "end": { "line": 23, "column": 3 }
      },
      "8": {
        "start": { "line": 18, "column": 24 },
        "end": { "line": 18, "column": 41 }
      },
      "9": {
        "start": { "line": 19, "column": 4 },
        "end": { "line": 19, "column": 26 }
      },
      "10": {
        "start": { "line": 20, "column": 4 },
        "end": { "line": 22, "column": 5 }
      },
      "11": {
        "start": { "line": 21, "column": 6 },
        "end": { "line": 21, "column": 54 }
      },
      "12": {
        "start": { "line": 25, "column": 2 },
        "end": { "line": 38, "column": 4 }
      },
      "13": {
        "start": { "line": 41, "column": 0 },
        "end": { "line": 41, "column": 22 }
      }
    },
    "fnMap": {
      "0": {
        "name": "(anonymous_0)",
        "decl": {
          "start": { "line": 8, "column": 38 },
          "end": { "line": 8, "column": 39 }
        },
        "loc": {
          "start": { "line": 8, "column": 55 },
          "end": { "line": 39, "column": 1 }
        }
      },
      "1": {
        "name": "(anonymous_1)",
        "decl": {
          "start": { "line": 9, "column": 55 },
          "end": { "line": 9, "column": 58 }
        },
        "loc": {
          "start": { "line": 9, "column": 60 },
          "end": { "line": 11, "column": 3 }
        }
      },
      "2": {
        "name": "(anonymous_2)",
        "decl": {
          "start": { "line": 13, "column": 28 },
          "end": { "line": 13, "column": 29 }
        },
        "loc": {
          "start": { "line": 13, "column": 71 },
          "end": { "line": 15, "column": 3 }
        }
      },
      "3": {
        "name": "(anonymous_3)",
        "decl": {
          "start": { "line": 17, "column": 23 },
          "end": { "line": 17, "column": 26 }
        },
        "loc": {
          "start": { "line": 17, "column": 28 },
          "end": { "line": 23, "column": 3 }
        }
      }
    },
    "branchMap": {
      "0": {
        "loc": {
          "start": { "line": 10, "column": 11 },
          "end": { "line": 10, "column": 51 }
        },
        "type": "binary-expr",
        "locations": [
          {
            "start": { "line": 10, "column": 11 },
            "end": { "line": 10, "column": 45 }
          },
          {
            "start": { "line": 10, "column": 49 },
            "end": { "line": 10, "column": 51 }
          }
        ]
      },
      "1": {
        "loc": {
          "start": { "line": 20, "column": 4 },
          "end": { "line": 22, "column": 5 }
        },
        "type": "if",
        "locations": [
          {
            "start": { "line": 20, "column": 4 },
            "end": { "line": 22, "column": 5 }
          }
        ]
      }
    },
    "s": {
      "0": 1,
      "1": 1,
      "2": 1,
      "3": 3,
      "4": 2,
      "5": 3,
      "6": 1,
      "7": 3,
      "8": 1,
      "9": 1,
      "10": 1,
      "11": 1,
      "12": 3,
      "13": 1
    },
    "f": { "0": 3, "1": 2, "2": 1, "3": 1 },
    "b": { "0": [2, 1], "1": [1] }
  }
}
