TN:
SF:src/components/Card/Card.tsx
FN:16,(anonymous_0)
FN:20,(anonymous_1)
FN:35,(anonymous_2)
FNF:3
FNH:1
FNDA:28,(anonymous_0)
FNDA:0,(anonymous_1)
FNDA:0,(anonymous_2)
DA:3,2
DA:4,2
DA:5,2
DA:16,2
DA:17,28
DA:18,0
DA:20,0
DA:21,0
DA:22,0
DA:24,0
DA:28,0
DA:35,0
DA:46,2
LF:13
LH:6
BRDA:21,0,0,0
BRDA:21,0,1,0
BRF:2
BRH:0
end_of_record
TN:
SF:src/components/CardList/CardList.tsx
FN:11,(anonymous_1)
FN:14,(anonymous_2)
FN:15,(anonymous_3)
FNF:3
FNH:2
FNDA:7,(anonymous_1)
FNDA:12,(anonymous_2)
FNDA:0,(anonymous_3)
DA:2,1
DA:3,1
DA:11,1
DA:12,7
DA:15,12
DA:23,1
LF:6
LH:6
BRDA:13,0,0,6
BRDA:13,0,1,1
BRF:2
BRH:2
end_of_record
TN:
SF:src/components/DetailedCard/DetailedCard.tsx
FN:10,(anonymous_0)
FNF:1
FNH:1
FNDA:1,(anonymous_0)
DA:3,1
DA:10,1
DA:11,1
DA:30,1
LF:4
LH:4
BRF:0
BRH:0
end_of_record
TN:
SF:src/components/Results/Results.tsx
FN:5,(anonymous_0)
FN:16,(anonymous_1)
FNF:2
FNH:2
FNDA:3,(anonymous_0)
FNDA:2,(anonymous_1)
DA:3,1
DA:5,1
DA:6,3
DA:7,1
DA:10,2
DA:11,1
DA:14,1
DA:17,2
DA:26,1
LF:9
LH:9
BRDA:6,0,0,1
BRDA:10,1,0,1
BRF:2
BRH:2
end_of_record
TN:
SF:src/components/Search/Search.tsx
FN:8,(anonymous_0)
FN:9,(anonymous_1)
FN:13,(anonymous_2)
FN:17,(anonymous_3)
FNF:4
FNH:4
FNDA:3,(anonymous_0)
FNDA:2,(anonymous_1)
FNDA:1,(anonymous_2)
FNDA:1,(anonymous_3)
DA:4,1
DA:6,1
DA:8,1
DA:9,3
DA:10,2
DA:13,3
DA:14,1
DA:17,3
DA:18,1
DA:19,1
DA:20,1
DA:21,1
DA:25,3
DA:41,1
LF:14
LH:14
BRDA:10,0,0,2
BRDA:10,0,1,1
BRDA:20,1,0,1
BRF:3
BRH:3
end_of_record
TN:
SF:src/redux/hooks.ts
FN:4,(anonymous_0)
FNF:1
FNH:1
FNDA:28,(anonymous_0)
DA:1,2
DA:4,28
DA:5,2
LF:3
LH:3
BRF:0
BRH:0
end_of_record
TN:
SF:src/redux/slices/itemsSlice.ts
FN:28,(anonymous_0)
FN:46,(anonymous_1)
FN:56,(anonymous_2)
FN:62,(anonymous_3)
FN:78,(anonymous_4)
FN:86,(anonymous_5)
FN:95,(anonymous_6)
FN:105,(anonymous_7)
FN:108,(anonymous_8)
FN:111,(anonymous_9)
FN:113,(anonymous_10)
FN:116,(anonymous_11)
FN:119,(anonymous_12)
FN:122,(anonymous_13)
FN:125,(anonymous_14)
FN:129,(anonymous_15)
FN:131,(anonymous_16)
FN:136,(anonymous_17)
FN:145,(anonymous_18)
FN:148,(anonymous_19)
FN:153,(anonymous_20)
FN:158,(anonymous_21)
FN:174,(anonymous_22)
FN:175,(anonymous_23)
FN:177,(anonymous_24)
FN:178,(anonymous_25)
FN:179,(anonymous_26)
FN:180,(anonymous_27)
FN:182,(anonymous_28)
FNF:29
FNH:0
FNDA:0,(anonymous_0)
FNDA:0,(anonymous_1)
FNDA:0,(anonymous_2)
FNDA:0,(anonymous_3)
FNDA:0,(anonymous_4)
FNDA:0,(anonymous_5)
FNDA:0,(anonymous_6)
FNDA:0,(anonymous_7)
FNDA:0,(anonymous_8)
FNDA:0,(anonymous_9)
FNDA:0,(anonymous_10)
FNDA:0,(anonymous_11)
FNDA:0,(anonymous_12)
FNDA:0,(anonymous_13)
FNDA:0,(anonymous_14)
FNDA:0,(anonymous_15)
FNDA:0,(anonymous_16)
FNDA:0,(anonymous_17)
FNDA:0,(anonymous_18)
FNDA:0,(anonymous_19)
FNDA:0,(anonymous_20)
FNDA:0,(anonymous_21)
FNDA:0,(anonymous_22)
FNDA:0,(anonymous_23)
FNDA:0,(anonymous_24)
FNDA:0,(anonymous_25)
FNDA:0,(anonymous_26)
FNDA:0,(anonymous_27)
FNDA:0,(anonymous_28)
DA:1,2
DA:15,2
DA:26,2
DA:37,0
DA:40,0
DA:41,0
DA:42,0
DA:43,0
DA:44,0
DA:45,0
DA:46,0
DA:48,0
DA:55,0
DA:57,0
DA:58,0
DA:59,0
DA:60,0
DA:61,0
DA:63,0
DA:65,0
DA:71,0
DA:76,2
DA:79,0
DA:82,0
DA:83,0
DA:84,0
DA:85,0
DA:86,0
DA:88,0
DA:95,0
DA:101,2
DA:106,0
DA:109,0
DA:112,0
DA:113,0
DA:117,0
DA:120,0
DA:123,0
DA:126,0
DA:130,0
DA:132,0
DA:140,0
DA:141,0
DA:142,0
DA:146,0
DA:149,0
DA:154,0
DA:155,0
DA:159,0
DA:164,2
DA:174,2
DA:175,2
DA:176,0
DA:177,2
DA:178,2
DA:179,2
DA:180,2
DA:181,0
DA:182,2
DA:184,2
LF:60
LH:14
BRDA:37,0,0,0
BRDA:37,0,1,0
BRDA:42,1,0,0
BRDA:50,2,0,0
BRDA:50,2,1,0
BRDA:67,3,0,0
BRDA:67,3,1,0
BRDA:91,4,0,0
BRDA:91,4,1,0
BRF:9
BRH:0
end_of_record
