TN:
SF:src/components/Card/Card.tsx
FN:10,(anonymous_0)
FNF:1
FNH:1
FNDA:7,(anonymous_0)
DA:3,2
DA:10,2
DA:11,7
DA:20,2
LF:4
LH:4
BRF:0
BRH:0
end_of_record
TN:
SF:src/components/CardList/CardList.tsx
FN:11,(anonymous_1)
FN:14,(anonymous_2)
FN:15,(anonymous_3)
FNF:3
FNH:3
FNDA:4,(anonymous_1)
FNDA:6,(anonymous_2)
FNDA:2,(anonymous_3)
DA:2,1
DA:4,1
DA:11,1
DA:12,4
DA:15,6
DA:23,1
LF:6
LH:6
BRDA:13,0,0,3
BRDA:13,0,1,1
BRF:2
BRH:2
end_of_record
TN:
SF:src/components/DetailedCard/DetailedCard.tsx
FN:10,(anonymous_0)
FNF:1
FNH:1
FNDA:1,(anonymous_0)
DA:3,1
DA:10,1
DA:11,1
DA:30,1
LF:4
LH:4
BRF:0
BRH:0
end_of_record
TN:
SF:src/components/Results/Results.tsx
FN:5,(anonymous_0)
FN:16,(anonymous_1)
FNF:2
FNH:2
FNDA:3,(anonymous_0)
FNDA:2,(anonymous_1)
DA:3,1
DA:5,1
DA:6,3
DA:7,1
DA:10,2
DA:11,1
DA:14,1
DA:17,2
DA:26,1
LF:9
LH:9
BRDA:6,0,0,1
BRDA:10,1,0,1
BRF:2
BRH:2
end_of_record
TN:
SF:src/components/Search/Search.tsx
FN:8,(anonymous_0)
FN:9,(anonymous_1)
FN:13,(anonymous_2)
FN:17,(anonymous_3)
FNF:4
FNH:4
FNDA:3,(anonymous_0)
FNDA:2,(anonymous_1)
FNDA:1,(anonymous_2)
FNDA:1,(anonymous_3)
DA:4,1
DA:6,1
DA:8,1
DA:9,3
DA:10,2
DA:13,3
DA:14,1
DA:17,3
DA:18,1
DA:19,1
DA:20,1
DA:21,1
DA:25,3
DA:41,1
LF:14
LH:14
BRDA:10,0,0,2
BRDA:10,0,1,1
BRDA:20,1,0,1
BRF:3
BRH:3
end_of_record
